# JRE version: OpenJDK Runtime Environment (11.0.13) (build 11.0.13+0-b1751.21-8125866)
# Java VM: OpenJDK 64-Bit Server VM (11.0.13+0-b1751.21-8125866, mixed mode, tiered, compressed oops, g1 gc, windows-amd64)
Heap:
 garbage-first heap   total 692224K, used 231363K [0x0000000080000000, 0x0000000100000000)
  region size 1024K, 8 young (8192K), 8 survivors (8192K)
 Metaspace       used 119446K, capacity 122671K, committed 122960K, reserved 1157120K
  class space    used 14932K, capacity 16205K, committed 16288K, reserved 1048576K
GC Heap History (20 events):
Event: 68.012 GC heap after
{Heap after GC invocations=57 (full 0):
 garbage-first heap   total 349184K, used 181771K [0x0000000080000000, 0x0000000100000000)
  region size 1024K, 2 young (2048K), 2 survivors (2048K)
 Metaspace       used 106761K, capacity 109608K, committed 109776K, reserved 1144832K
  class space    used 13633K, capacity 14780K, committed 14880K, reserved 1048576K
}
Event: 70.430 GC heap before
{Heap before GC invocations=57 (full 0):
 garbage-first heap   total 349184K, used 235019K [0x0000000080000000, 0x0000000100000000)
  region size 1024K, 56 young (57344K), 2 survivors (2048K)
 Metaspace       used 113706K, capacity 116667K, committed 116816K, reserved 1150976K
  class space    used 14489K, capacity 15664K, committed 15776K, reserved 1048576K
}
Event: 70.457 GC heap after
{Heap after GC invocations=58 (full 0):
 garbage-first heap   total 349184K, used 187871K [0x0000000080000000, 0x0000000100000000)
  region size 1024K, 8 young (8192K), 8 survivors (8192K)
 Metaspace       used 113706K, capacity 116667K, committed 116816K, reserved 1150976K
  class space    used 14489K, capacity 15664K, committed 15776K, reserved 1048576K
}
Event: 74.981 GC heap before
{Heap before GC invocations=59 (full 0):
 garbage-first heap   total 349184K, used 208993K [0x0000000080000000, 0x0000000100000000)
  region size 1024K, 82 young (83968K), 8 survivors (8192K)
 Metaspace       used 118534K, capacity 121668K, committed 121808K, reserved 1155072K
  class space    used 14862K, capacity 16107K, committed 16160K, reserved 1048576K
}
Event: 75.018 GC heap after
{Heap after GC invocations=60 (full 0):
 garbage-first heap   total 349184K, used 132883K [0x0000000080000000, 0x0000000100000000)
  region size 1024K, 2 young (2048K), 2 survivors (2048K)
 Metaspace       used 118534K, capacity 121668K, committed 121808K, reserved 1155072K
  class space    used 14862K, capacity 16107K, committed 16160K, reserved 1048576K
}
Event: 75.499 GC heap before
{Heap before GC invocations=60 (full 0):
 garbage-first heap   total 349184K, used 147219K [0x0000000080000000, 0x0000000100000000)
  region size 1024K, 17 young (17408K), 2 survivors (2048K)
 Metaspace       used 118603K, capacity 121710K, committed 121808K, reserved 1155072K
  class space    used 14871K, capacity 16120K, committed 16160K, reserved 1048576K
}
Event: 75.515 GC heap after
{Heap after GC invocations=61 (full 0):
 garbage-first heap   total 349184K, used 106894K [0x0000000080000000, 0x0000000100000000)
  region size 1024K, 2 young (2048K), 2 survivors (2048K)
 Metaspace       used 118603K, capacity 121710K, committed 121808K, reserved 1155072K
  class space    used 14871K, capacity 16120K, committed 16160K, reserved 1048576K
}
Event: 77.615 GC heap before
{Heap before GC invocations=61 (full 0):
 garbage-first heap   total 349184K, used 245134K [0x0000000080000000, 0x0000000100000000)
  region size 1024K, 135 young (138240K), 2 survivors (2048K)
 Metaspace       used 119353K, capacity 122605K, committed 122704K, reserved 1155072K
  class space    used 14930K, capacity 16205K, committed 16288K, reserved 1048576K
}
Event: 77.627 GC heap after
{Heap after GC invocations=62 (full 0):
 garbage-first heap   total 349184K, used 109517K [0x0000000080000000, 0x0000000100000000)
  region size 1024K, 4 young (4096K), 4 survivors (4096K)
 Metaspace       used 119353K, capacity 122605K, committed 122704K, reserved 1155072K
  class space    used 14930K, capacity 16205K, committed 16288K, reserved 1048576K
}
Event: 78.362 GC heap before
{Heap before GC invocations=62 (full 0):
 garbage-first heap   total 349184K, used 144333K [0x0000000080000000, 0x0000000100000000)
  region size 1024K, 31 young (31744K), 4 survivors (4096K)
 Metaspace       used 119415K, capacity 122671K, committed 122960K, reserved 1157120K
  class space    used 14932K, capacity 16205K, committed 16288K, reserved 1048576K
}
Event: 78.369 GC heap after
{Heap after GC invocations=63 (full 0):
 garbage-first heap   total 349184K, used 118247K [0x0000000080000000, 0x0000000100000000)
  region size 1024K, 4 young (4096K), 4 survivors (4096K)
 Metaspace       used 119415K, capacity 122671K, committed 122960K, reserved 1157120K
  class space    used 14932K, capacity 16205K, committed 16288K, reserved 1048576K
}
Event: 80.527 GC heap before
{Heap before GC invocations=64 (full 0):
 garbage-first heap   total 349184K, used 253415K [0x0000000080000000, 0x0000000100000000)
  region size 1024K, 105 young (107520K), 4 survivors (4096K)
 Metaspace       used 119422K, capacity 122671K, committed 122960K, reserved 1157120K
  class space    used 14932K, capacity 16205K, committed 16288K, reserved 1048576K
}
Event: 80.961 GC heap after
{Heap after GC invocations=65 (full 0):
 garbage-first heap   total 349184K, used 178176K [0x0000000080000000, 0x0000000100000000)
  region size 1024K, 18 young (18432K), 18 survivors (18432K)
 Metaspace       used 119422K, capacity 122671K, committed 122960K, reserved 1157120K
  class space    used 14932K, capacity 16205K, committed 16288K, reserved 1048576K
}
Event: 81.317 GC heap before
{Heap before GC invocations=65 (full 0):
 garbage-first heap   total 349184K, used 193536K [0x0000000080000000, 0x0000000100000000)
  region size 1024K, 31 young (31744K), 18 survivors (18432K)
 Metaspace       used 119422K, capacity 122671K, committed 122960K, reserved 1157120K
  class space    used 14932K, capacity 16205K, committed 16288K, reserved 1048576K
}
Event: 81.462 GC heap after
{Heap after GC invocations=66 (full 0):
 garbage-first heap   total 349184K, used 188928K [0x0000000080000000, 0x0000000100000000)
  region size 1024K, 4 young (4096K), 4 survivors (4096K)
 Metaspace       used 119422K, capacity 122671K, committed 122960K, reserved 1157120K
  class space    used 14932K, capacity 16205K, committed 16288K, reserved 1048576K
}
Event: 82.805 GC heap before
{Heap before GC invocations=67 (full 0):
 garbage-first heap   total 349184K, used 262656K [0x0000000080000000, 0x0000000100000000)
  region size 1024K, 72 young (73728K), 4 survivors (4096K)
 Metaspace       used 119441K, capacity 122671K, committed 122960K, reserved 1157120K
  class space    used 14932K, capacity 16205K, committed 16288K, reserved 1048576K
}
Event: 82.854 GC heap after
{Heap after GC invocations=68 (full 0):
 garbage-first heap   total 349184K, used 205312K [0x0000000080000000, 0x0000000100000000)
  region size 1024K, 9 young (9216K), 9 survivors (9216K)
 Metaspace       used 119441K, capacity 122671K, committed 122960K, reserved 1157120K
  class space    used 14932K, capacity 16205K, committed 16288K, reserved 1048576K
}
Event: 83.069 GC heap before
{Heap before GC invocations=68 (full 0):
 garbage-first heap   total 349184K, used 214528K [0x0000000080000000, 0x0000000100000000)
  region size 1024K, 17 young (17408K), 9 survivors (9216K)
 Metaspace       used 119443K, capacity 122671K, committed 122960K, reserved 1157120K
  class space    used 14932K, capacity 16205K, committed 16288K, reserved 1048576K
}
Event: 83.110 GC heap after
{Heap after GC invocations=69 (full 0):
 garbage-first heap   total 349184K, used 210225K [0x0000000080000000, 0x0000000100000000)
  region size 1024K, 3 young (3072K), 3 survivors (3072K)
 Metaspace       used 119443K, capacity 122671K, committed 122960K, reserved 1157120K
  class space    used 14932K, capacity 16205K, committed 16288K, reserved 1048576K
}
Event: 84.671 GC heap before
{Heap before GC invocations=69 (full 0):
 garbage-first heap   total 349184K, used 286001K [0x0000000080000000, 0x0000000100000000)
  region size 1024K, 62 young (63488K), 3 survivors (3072K)
 Metaspace       used 119446K, capacity 122671K, committed 122960K, reserved 1157120K
  class space    used 14932K, capacity 16205K, committed 16288K, reserved 1048576K
}

