# JRE version: OpenJDK Runtime Environment (11.0.13) (build 11.0.13+0-b1751.21-8125866)
# Java VM: OpenJDK 64-Bit Server VM (11.0.13+0-b1751.21-8125866, mixed mode, tiered, compressed oops, g1 gc, windows-amd64)
Heap:
 garbage-first heap   total 201728K, used 165256K [0x0000000080000000, 0x0000000100000000)
  region size 1024K, 11 young (11264K), 3 survivors (3072K)
 Metaspace       used 123598K, capacity 126684K, committed 127440K, reserved 1159168K
  class space    used 15512K, capacity 16679K, committed 17024K, reserved 1048576K
GC Heap History (20 events):
Event: 76.904 GC heap before
{Heap before GC invocations=74 (full 0):
 garbage-first heap   total 157696K, used 116289K [0x0000000080000000, 0x0000000100000000)
  region size 1024K, 17 young (17408K), 1 survivors (1024K)
 Metaspace       used 117648K, capacity 120767K, committed 121040K, reserved 1155072K
  class space    used 14972K, capacity 16191K, committed 16256K, reserved 1048576K
}
Event: 76.911 GC heap after
{Heap after GC invocations=75 (full 0):
 garbage-first heap   total 157696K, used 101930K [0x0000000080000000, 0x0000000100000000)
  region size 1024K, 2 young (2048K), 2 survivors (2048K)
 Metaspace       used 117648K, capacity 120767K, committed 121040K, reserved 1155072K
  class space    used 14972K, capacity 16191K, committed 16256K, reserved 1048576K
}
Event: 77.804 GC heap before
{Heap before GC invocations=76 (full 0):
 garbage-first heap   total 157696K, used 120362K [0x0000000080000000, 0x0000000100000000)
  region size 1024K, 20 young (20480K), 2 survivors (2048K)
 Metaspace       used 119277K, capacity 122369K, committed 122704K, reserved 1155072K
  class space    used 15088K, capacity 16283K, committed 16384K, reserved 1048576K
}
Event: 77.813 GC heap after
{Heap after GC invocations=77 (full 0):
 garbage-first heap   total 157696K, used 103616K [0x0000000080000000, 0x0000000100000000)
  region size 1024K, 3 young (3072K), 3 survivors (3072K)
 Metaspace       used 119277K, capacity 122369K, committed 122704K, reserved 1155072K
  class space    used 15088K, capacity 16283K, committed 16384K, reserved 1048576K
}
Event: 78.514 GC heap before
{Heap before GC invocations=77 (full 0):
 garbage-first heap   total 157696K, used 122048K [0x0000000080000000, 0x0000000100000000)
  region size 1024K, 21 young (21504K), 3 survivors (3072K)
 Metaspace       used 119953K, capacity 122984K, committed 123344K, reserved 1157120K
  class space    used 15137K, capacity 16331K, committed 16512K, reserved 1048576K
}
Event: 78.522 GC heap after
{Heap after GC invocations=78 (full 0):
 garbage-first heap   total 157696K, used 103836K [0x0000000080000000, 0x0000000100000000)
  region size 1024K, 2 young (2048K), 2 survivors (2048K)
 Metaspace       used 119953K, capacity 122984K, committed 123344K, reserved 1157120K
  class space    used 15137K, capacity 16331K, committed 16512K, reserved 1048576K
}
Event: 79.733 GC heap before
{Heap before GC invocations=79 (full 0):
 garbage-first heap   total 157696K, used 123292K [0x0000000080000000, 0x0000000100000000)
  region size 1024K, 21 young (21504K), 2 survivors (2048K)
 Metaspace       used 120889K, capacity 123940K, committed 124112K, reserved 1157120K
  class space    used 15251K, capacity 16472K, committed 16512K, reserved 1048576K
}
Event: 79.739 GC heap after
{Heap after GC invocations=80 (full 0):
 garbage-first heap   total 189440K, used 103011K [0x0000000080000000, 0x0000000100000000)
  region size 1024K, 1 young (1024K), 1 survivors (1024K)
 Metaspace       used 120889K, capacity 123940K, committed 124112K, reserved 1157120K
  class space    used 15251K, capacity 16472K, committed 16512K, reserved 1048576K
}
Event: 80.362 GC heap before
{Heap before GC invocations=80 (full 0):
 garbage-first heap   total 189440K, used 119395K [0x0000000080000000, 0x0000000100000000)
  region size 1024K, 19 young (19456K), 1 survivors (1024K)
 Metaspace       used 122272K, capacity 125526K, committed 125648K, reserved 1159168K
  class space    used 15432K, capacity 16711K, committed 16768K, reserved 1048576K
}
Event: 80.368 GC heap after
{Heap after GC invocations=81 (full 0):
 garbage-first heap   total 189440K, used 106437K [0x0000000080000000, 0x0000000100000000)
  region size 1024K, 5 young (5120K), 5 survivors (5120K)
 Metaspace       used 122272K, capacity 125526K, committed 125648K, reserved 1159168K
  class space    used 15432K, capacity 16711K, committed 16768K, reserved 1048576K
}
Event: 81.959 GC heap before
{Heap before GC invocations=82 (full 0):
 garbage-first heap   total 189440K, used 125893K [0x0000000080000000, 0x0000000100000000)
  region size 1024K, 25 young (25600K), 5 survivors (5120K)
 Metaspace       used 122311K, capacity 125388K, committed 126160K, reserved 1159168K
  class space    used 15324K, capacity 16485K, committed 16768K, reserved 1048576K
}
Event: 81.966 GC heap after
{Heap after GC invocations=83 (full 0):
 garbage-first heap   total 189440K, used 103461K [0x0000000080000000, 0x0000000100000000)
  region size 1024K, 1 young (1024K), 1 survivors (1024K)
 Metaspace       used 122311K, capacity 125388K, committed 126160K, reserved 1159168K
  class space    used 15324K, capacity 16485K, committed 16768K, reserved 1048576K
}
Event: 83.397 GC heap before
{Heap before GC invocations=84 (full 0):
 garbage-first heap   total 189440K, used 182309K [0x0000000080000000, 0x0000000100000000)
  region size 1024K, 39 young (39936K), 1 survivors (1024K)
 Metaspace       used 122795K, capacity 125860K, committed 126544K, reserved 1159168K
  class space    used 15389K, capacity 16556K, committed 16896K, reserved 1048576K
}
Event: 83.431 GC heap after
{Heap after GC invocations=85 (full 0):
 garbage-first heap   total 201728K, used 138290K [0x0000000080000000, 0x0000000100000000)
  region size 1024K, 5 young (5120K), 5 survivors (5120K)
 Metaspace       used 122795K, capacity 125860K, committed 126544K, reserved 1159168K
  class space    used 15389K, capacity 16556K, committed 16896K, reserved 1048576K
}
Event: 83.461 GC heap before
{Heap before GC invocations=85 (full 0):
 garbage-first heap   total 201728K, used 143410K [0x0000000080000000, 0x0000000100000000)
  region size 1024K, 9 young (9216K), 5 survivors (5120K)
 Metaspace       used 122795K, capacity 125860K, committed 126544K, reserved 1159168K
  class space    used 15389K, capacity 16556K, committed 16896K, reserved 1048576K
}
Event: 83.484 GC heap after
{Heap after GC invocations=86 (full 0):
 garbage-first heap   total 201728K, used 138019K [0x0000000080000000, 0x0000000100000000)
  region size 1024K, 2 young (2048K), 2 survivors (2048K)
 Metaspace       used 122795K, capacity 125860K, committed 126544K, reserved 1159168K
  class space    used 15389K, capacity 16556K, committed 16896K, reserved 1048576K
}
Event: 84.309 GC heap before
{Heap before GC invocations=86 (full 0):
 garbage-first heap   total 201728K, used 160547K [0x0000000080000000, 0x0000000100000000)
  region size 1024K, 25 young (25600K), 2 survivors (2048K)
 Metaspace       used 123530K, capacity 126616K, committed 127440K, reserved 1159168K
  class space    used 15511K, capacity 16678K, committed 17024K, reserved 1048576K
}
Event: 84.335 GC heap after
{Heap after GC invocations=87 (full 0):
 garbage-first heap   total 201728K, used 149504K [0x0000000080000000, 0x0000000100000000)
  region size 1024K, 4 young (4096K), 4 survivors (4096K)
 Metaspace       used 123530K, capacity 126616K, committed 127440K, reserved 1159168K
  class space    used 15511K, capacity 16678K, committed 17024K, reserved 1048576K
}
Event: 84.765 GC heap before
{Heap before GC invocations=87 (full 0):
 garbage-first heap   total 201728K, used 163840K [0x0000000080000000, 0x0000000100000000)
  region size 1024K, 19 young (19456K), 4 survivors (4096K)
 Metaspace       used 123593K, capacity 126684K, committed 127440K, reserved 1159168K
  class space    used 15512K, capacity 16679K, committed 17024K, reserved 1048576K
}
Event: 84.794 GC heap after
{Heap after GC invocations=88 (full 0):
 garbage-first heap   total 201728K, used 158088K [0x0000000080000000, 0x0000000100000000)
  region size 1024K, 3 young (3072K), 3 survivors (3072K)
 Metaspace       used 123593K, capacity 126684K, committed 127440K, reserved 1159168K
  class space    used 15512K, capacity 16679K, committed 17024K, reserved 1048576K
}

