# JRE version: OpenJDK Runtime Environment (11.0.13) (build 11.0.13+0-b1751.21-8125866)
# Java VM: OpenJDK 64-Bit Server VM (11.0.13+0-b1751.21-8125866, mixed mode, tiered, compressed oops, g1 gc, windows-amd64)
Heap:
 garbage-first heap   total 508928K, used 208896K [0x0000000080000000, 0x0000000100000000)
  region size 1024K, 70 young (71680K), 17 survivors (17408K)
 Metaspace       used 143920K, capacity 147209K, committed 148304K, reserved 1179648K
  class space    used 17274K, capacity 18550K, committed 18816K, reserved 1048576K
GC Heap History (20 events):
Event: 178.765 GC heap before
{Heap before GC invocations=91 (full 0):
 garbage-first heap   total 508928K, used 363776K [0x0000000080000000, 0x0000000100000000)
  region size 1024K, 163 young (166912K), 4 survivors (4096K)
 Metaspace       used 140948K, capacity 144381K, committed 144592K, reserved 1175552K
  class space    used 17073K, capacity 18416K, committed 18432K, reserved 1048576K
}
Event: 179.001 GC heap after
{Heap after GC invocations=92 (full 0):
 garbage-first heap   total 508928K, used 232204K [0x0000000080000000, 0x0000000100000000)
  region size 1024K, 21 young (21504K), 21 survivors (21504K)
 Metaspace       used 140948K, capacity 144381K, committed 144592K, reserved 1175552K
  class space    used 17073K, capacity 18416K, committed 18432K, reserved 1048576K
}
Event: 179.230 GC heap before
{Heap before GC invocations=92 (full 0):
 garbage-first heap   total 508928K, used 235276K [0x0000000080000000, 0x0000000100000000)
  region size 1024K, 24 young (24576K), 21 survivors (21504K)
 Metaspace       used 140949K, capacity 144381K, committed 144592K, reserved 1175552K
  class space    used 17073K, capacity 18416K, committed 18432K, reserved 1048576K
}
Event: 179.406 GC heap after
{Heap after GC invocations=93 (full 0):
 garbage-first heap   total 508928K, used 205312K [0x0000000080000000, 0x0000000100000000)
  region size 1024K, 3 young (3072K), 3 survivors (3072K)
 Metaspace       used 140949K, capacity 144381K, committed 144592K, reserved 1175552K
  class space    used 17073K, capacity 18416K, committed 18432K, reserved 1048576K
}
Event: 180.572 GC heap before
{Heap before GC invocations=93 (full 0):
 garbage-first heap   total 508928K, used 235008K [0x0000000080000000, 0x0000000100000000)
  region size 1024K, 24 young (24576K), 3 survivors (3072K)
 Metaspace       used 140954K, capacity 144381K, committed 144592K, reserved 1175552K
  class space    used 17073K, capacity 18416K, committed 18432K, reserved 1048576K
}
Event: 180.621 GC heap after
{Heap after GC invocations=94 (full 0):
 garbage-first heap   total 508928K, used 222208K [0x0000000080000000, 0x0000000100000000)
  region size 1024K, 3 young (3072K), 3 survivors (3072K)
 Metaspace       used 140954K, capacity 144381K, committed 144592K, reserved 1175552K
  class space    used 17073K, capacity 18416K, committed 18432K, reserved 1048576K
}
Event: 182.043 GC heap before
{Heap before GC invocations=94 (full 0):
 garbage-first heap   total 508928K, used 250880K [0x0000000080000000, 0x0000000100000000)
  region size 1024K, 24 young (24576K), 3 survivors (3072K)
 Metaspace       used 140954K, capacity 144381K, committed 144592K, reserved 1175552K
  class space    used 17073K, capacity 18416K, committed 18432K, reserved 1048576K
}
Event: 182.059 GC heap after
{Heap after GC invocations=95 (full 0):
 garbage-first heap   total 508928K, used 232256K [0x0000000080000000, 0x0000000100000000)
  region size 1024K, 2 young (2048K), 2 survivors (2048K)
 Metaspace       used 140954K, capacity 144381K, committed 144592K, reserved 1175552K
  class space    used 17073K, capacity 18416K, committed 18432K, reserved 1048576K
}
Event: 183.414 GC heap before
{Heap before GC invocations=95 (full 0):
 garbage-first heap   total 508928K, used 291648K [0x0000000080000000, 0x0000000100000000)
  region size 1024K, 53 young (54272K), 2 survivors (2048K)
 Metaspace       used 140957K, capacity 144381K, committed 144592K, reserved 1175552K
  class space    used 17073K, capacity 18416K, committed 18432K, reserved 1048576K
}
Event: 183.441 GC heap after
{Heap after GC invocations=96 (full 0):
 garbage-first heap   total 508928K, used 245977K [0x0000000080000000, 0x0000000100000000)
  region size 1024K, 7 young (7168K), 7 survivors (7168K)
 Metaspace       used 140957K, capacity 144381K, committed 144592K, reserved 1175552K
  class space    used 17073K, capacity 18416K, committed 18432K, reserved 1048576K
}
Event: 185.803 GC heap before
{Heap before GC invocations=96 (full 0):
 garbage-first heap   total 508928K, used 378073K [0x0000000080000000, 0x0000000100000000)
  region size 1024K, 104 young (106496K), 7 survivors (7168K)
 Metaspace       used 140963K, capacity 144383K, committed 144592K, reserved 1175552K
  class space    used 17073K, capacity 18416K, committed 18432K, reserved 1048576K
}
Event: 185.824 GC heap after
{Heap after GC invocations=97 (full 0):
 garbage-first heap   total 508928K, used 267989K [0x0000000080000000, 0x0000000100000000)
  region size 1024K, 11 young (11264K), 11 survivors (11264K)
 Metaspace       used 140963K, capacity 144383K, committed 144592K, reserved 1175552K
  class space    used 17073K, capacity 18416K, committed 18432K, reserved 1048576K
}
Event: 188.480 GC heap before
{Heap before GC invocations=97 (full 0):
 garbage-first heap   total 508928K, used 329429K [0x0000000080000000, 0x0000000100000000)
  region size 1024K, 43 young (44032K), 11 survivors (11264K)
 Metaspace       used 142786K, capacity 146311K, committed 146384K, reserved 1177600K
  class space    used 17288K, capacity 18670K, committed 18688K, reserved 1048576K
}
Event: 188.503 GC heap after
{Heap after GC invocations=98 (full 0):
 garbage-first heap   total 508928K, used 256914K [0x0000000080000000, 0x0000000100000000)
  region size 1024K, 10 young (10240K), 10 survivors (10240K)
 Metaspace       used 142786K, capacity 146311K, committed 146384K, reserved 1177600K
  class space    used 17288K, capacity 18670K, committed 18688K, reserved 1048576K
}
Event: 3797.090 GC heap before
{Heap before GC invocations=99 (full 0):
 garbage-first heap   total 508928K, used 355218K [0x0000000080000000, 0x0000000100000000)
  region size 1024K, 143 young (146432K), 10 survivors (10240K)
 Metaspace       used 144224K, capacity 147879K, committed 148048K, reserved 1179648K
  class space    used 17392K, capacity 18800K, committed 18816K, reserved 1048576K
}
Event: 3797.241 GC heap after
{Heap after GC invocations=100 (full 0):
 garbage-first heap   total 508928K, used 209289K [0x0000000080000000, 0x0000000100000000)
  region size 1024K, 6 young (6144K), 6 survivors (6144K)
 Metaspace       used 144224K, capacity 147879K, committed 148048K, reserved 1179648K
  class space    used 17392K, capacity 18800K, committed 18816K, reserved 1048576K
}
Event: 3799.657 GC heap before
{Heap before GC invocations=100 (full 0):
 garbage-first heap   total 508928K, used 229769K [0x0000000080000000, 0x0000000100000000)
  region size 1024K, 24 young (24576K), 6 survivors (6144K)
 Metaspace       used 144418K, capacity 148061K, committed 148304K, reserved 1179648K
  class space    used 17408K, capacity 18811K, committed 18816K, reserved 1048576K
}
Event: 3799.950 GC heap after
{Heap after GC invocations=101 (full 0):
 garbage-first heap   total 508928K, used 174529K [0x0000000080000000, 0x0000000100000000)
  region size 1024K, 3 young (3072K), 3 survivors (3072K)
 Metaspace       used 144418K, capacity 148061K, committed 148304K, reserved 1179648K
  class space    used 17408K, capacity 18811K, committed 18816K, reserved 1048576K
}
Event: 3803.409 GC heap before
{Heap before GC invocations=101 (full 0):
 garbage-first heap   total 508928K, used 206273K [0x0000000080000000, 0x0000000100000000)
  region size 1024K, 35 young (35840K), 3 survivors (3072K)
 Metaspace       used 144476K, capacity 148125K, committed 148304K, reserved 1179648K
  class space    used 17409K, capacity 18811K, committed 18816K, reserved 1048576K
}
Event: 3803.486 GC heap after
{Heap after GC invocations=102 (full 0):
 garbage-first heap   total 508928K, used 189440K [0x0000000080000000, 0x0000000100000000)
  region size 1024K, 17 young (17408K), 17 survivors (17408K)
 Metaspace       used 144476K, capacity 148125K, committed 148304K, reserved 1179648K
  class space    used 17409K, capacity 18811K, committed 18816K, reserved 1048576K
}

